<?xml version="1.0" encoding="UTF-8"?>
<testsuite xmlns:xsi="http://www.w3.org/2001/XMLSchema-instance" xsi:noNamespaceSchemaLocation="https://maven.apache.org/surefire/maven-surefire-plugin/xsd/surefire-test-report-3.0.xsd" version="3.0" name="com.don.onofre.OnofreApplicationTests" time="11.78" tests="1" errors="0" skipped="0" failures="0">
  <properties>
[...]
</properties>
  <testcase name="contextLoads" classname="com.don.onofre.OnofreApplicationTests" time="1.408">
    <system-out><![CDATA[15:05:54.797 [main] INFO org.springframework.test.context.support.AnnotationConfigContextLoaderUtils -- Could not detect default configuration classes for test class [com.don.onofre.OnofreApplicationTests]: OnofreApplicationTests does not declare any static, non-private, non-final, nested classes annotated with @Configuration.
15:05:54.869 [main] INFO org.springframework.boot.test.context.SpringBootTestContextBootstrapper -- Found @SpringBootConfiguration com.don.onofre.OnofreApplication for test class com.don.onofre.OnofreApplicationTests
15:05:54.954 [main] INFO org.springframework.boot.devtools.restart.RestartApplicationListener -- Restart disabled due to context in which it is running

  .   ____          _            __ _ _
 /\\ / ___'_ __ _ _(_)_ __  __ _ \ \ \ \
( ( )\___ | '_ | '_| | '_ \/ _` | \ \ \ \
 \\/  ___)| |_)| | | | | || (_| |  ) ) ) )
  '  |____| .__|_| |_|_| |_\__, | / / / /
 =========|_|==============|___/=/_/_/_/
 :: Spring Boot ::                (v3.2.2)

2024-02-23T15:05:55.127-03:00  WARN 14999 --- [           main] ory$DuplicateJsonObjectContextCustomizer : 

Found multiple occurrences of org.json.JSONObject on the class path:

	jar:file:/home/roque/.m2/repository/com/vaadin/external/google/android-json/0.0.20131108.vaadin1/android-json-0.0.20131108.vaadin1.jar!/org/json/JSONObject.class
	jar:file:/home/roque/.m2/repository/org/json/json/20090211/json-20090211.jar!/org/json/JSONObject.class

You may wish to exclude one of them to ensure predictable runtime behavior

2024-02-23T15:05:55.148-03:00  INFO 14999 --- [           main] com.don.onofre.OnofreApplicationTests    : Starting OnofreApplicationTests using Java 17.0.9 with PID 14999 (started by roque in /home/roque/InitializrSpringbootProject)
2024-02-23T15:05:55.149-03:00  INFO 14999 --- [           main] com.don.onofre.OnofreApplicationTests    : No active profile set, falling back to 1 default profile: "default"
2024-02-23T15:05:55.744-03:00  INFO 14999 --- [           main] .s.d.r.c.RepositoryConfigurationDelegate : Bootstrapping Spring Data JPA repositories in DEFAULT mode.
2024-02-23T15:05:55.805-03:00  INFO 14999 --- [           main] .s.d.r.c.RepositoryConfigurationDelegate : Finished Spring Data repository scanning in 57 ms. Found 2 JPA repository interfaces.
2024-02-23T15:05:56.183-03:00  INFO 14999 --- [           main] o.hibernate.jpa.internal.util.LogHelper  : HHH000204: Processing PersistenceUnitInfo [name: default]
2024-02-23T15:05:56.209-03:00  INFO 14999 --- [           main] org.hibernate.Version                    : HHH000412: Hibernate ORM core version 6.4.1.Final
2024-02-23T15:05:56.230-03:00  INFO 14999 --- [           main] o.h.c.internal.RegionFactoryInitiator    : HHH000026: Second-level cache disabled
2024-02-23T15:05:56.363-03:00  INFO 14999 --- [           main] o.s.o.j.p.SpringPersistenceUnitInfo      : No LoadTimeWeaver setup: ignoring JPA class transformer
2024-02-23T15:05:56.378-03:00  INFO 14999 --- [           main] com.zaxxer.hikari.HikariDataSource       : HikariPool-1 - Starting...
2024-02-23T15:06:00.187-03:00  INFO 14999 --- [           main] com.zaxxer.hikari.pool.HikariPool        : HikariPool-1 - Added connection org.postgresql.jdbc.PgConnection@1d283d1
2024-02-23T15:06:00.188-03:00  INFO 14999 --- [           main] com.zaxxer.hikari.HikariDataSource       : HikariPool-1 - Start completed.
2024-02-23T15:06:01.617-03:00  INFO 14999 --- [           main] o.h.e.t.j.p.i.JtaPlatformInitiator       : HHH000489: No JTA platform available (set 'hibernate.transaction.jta.platform' to enable JTA platform integration)
2024-02-23T15:06:03.816-03:00  INFO 14999 --- [           main] j.LocalContainerEntityManagerFactoryBean : Initialized JPA EntityManagerFactory for persistence unit 'default'
2024-02-23T15:06:04.141-03:00  WARN 14999 --- [           main] JpaBaseConfiguration$JpaWebConfiguration : spring.jpa.open-in-view is enabled by default. Therefore, database queries may be performed during view rendering. Explicitly configure spring.jpa.open-in-view to disable this warning
2024-02-23T15:06:04.172-03:00  INFO 14999 --- [           main] o.s.b.a.w.s.WelcomePageHandlerMapping    : Adding welcome page template: index
2024-02-23T15:06:04.474-03:00  INFO 14999 --- [           main] com.don.onofre.OnofreApplicationTests    : Started OnofreApplicationTests in 9.526 seconds (process running for 10.692)
]]></system-out>
  </testcase>
</testsuite>